::1 - - [22/Mar/2020:11:36:02 +0000] "OPTIONS /wallets HTTP/1.1" 200 8 "http://localhost:3000/my-wallets" "Mozilla/5.0 (Windows NT 10.0; Win64; x64) AppleWebKit/537.36 (KHTML, like Gecko) Chrome/80.0.3987.149 Safari/537.36"
::1 - - [22/Mar/2020:11:36:03 +0000] "GET /wallets HTTP/1.1" 201 973 "http://localhost:3000/my-wallets" "Mozilla/5.0 (Windows NT 10.0; Win64; x64) AppleWebKit/537.36 (KHTML, like Gecko) Chrome/80.0.3987.149 Safari/537.36"
::1 - - [22/Mar/2020:11:36:28 +0000] "OPTIONS /wallet/5e7698115ebaeb5f749efc46 HTTP/1.1" 200 15 "http://localhost:3000/wallet/5e7698115ebaeb5f749efc46" "Mozilla/5.0 (Windows NT 10.0; Win64; x64) AppleWebKit/537.36 (KHTML, like Gecko) Chrome/80.0.3987.149 Safari/537.36"
::1 - - [22/Mar/2020:11:36:28 +0000] "GET /wallet/5e7698115ebaeb5f749efc46 HTTP/1.1" 200 910 "http://localhost:3000/wallet/5e7698115ebaeb5f749efc46" "Mozilla/5.0 (Windows NT 10.0; Win64; x64) AppleWebKit/537.36 (KHTML, like Gecko) Chrome/80.0.3987.149 Safari/537.36"
::1 - - [29/Mar/2020:11:18:48 +0000] "GET / HTTP/1.1" 404 139 "-" "Mozilla/5.0 (Windows NT 10.0; Win64; x64) AppleWebKit/537.36 (KHTML, like Gecko) Chrome/80.0.3987.149 Safari/537.36"
::1 - - [29/Mar/2020:11:18:52 +0000] "GET /feed/posts HTTP/1.1" 404 149 "-" "Mozilla/5.0 (Windows NT 10.0; Win64; x64) AppleWebKit/537.36 (KHTML, like Gecko) Chrome/80.0.3987.149 Safari/537.36"
::1 - - [29/Mar/2020:11:18:55 +0000] "GET / HTTP/1.1" 404 139 "-" "Mozilla/5.0 (Windows NT 10.0; Win64; x64) AppleWebKit/537.36 (KHTML, like Gecko) Chrome/80.0.3987.149 Safari/537.36"
::1 - - [29/Mar/2020:11:19:18 +0000] "GET /wllet HTTP/1.1" 404 144 "-" "Mozilla/5.0 (Windows NT 10.0; Win64; x64) AppleWebKit/537.36 (KHTML, like Gecko) Chrome/80.0.3987.149 Safari/537.36"
::1 - - [29/Mar/2020:11:19:25 +0000] "GET /wallet HTTP/1.1" 404 145 "-" "Mozilla/5.0 (Windows NT 10.0; Win64; x64) AppleWebKit/537.36 (KHTML, like Gecko) Chrome/80.0.3987.149 Safari/537.36"
::1 - - [29/Mar/2020:11:24:51 +0000] "OPTIONS //wallet/5e8083aac0c5bc0017cd983b HTTP/1.1" 404 175 "http://localhost:3000/my-wallets" "Mozilla/5.0 (Windows NT 10.0; Win64; x64) AppleWebKit/537.36 (KHTML, like Gecko) Chrome/80.0.3987.149 Safari/537.36"
::1 - - [29/Mar/2020:11:31:14 +0000] "OPTIONS /wallet/undefined HTTP/1.1" 200 15 "http://localhost:3000/my-wallets" "Mozilla/5.0 (Windows NT 10.0; Win64; x64) AppleWebKit/537.36 (KHTML, like Gecko) Chrome/80.0.3987.149 Safari/537.36"
::1 - - [29/Mar/2020:11:31:14 +0000] "DELETE /wallet/undefined HTTP/1.1" 500 98 "http://localhost:3000/my-wallets" "Mozilla/5.0 (Linux; Android 6.0; Nexus 5 Build/MRA58N) AppleWebKit/537.36 (KHTML, like Gecko) Chrome/80.0.3987.149 Mobile Safari/537.36"
::1 - - [29/Mar/2020:11:31:20 +0000] "OPTIONS /wallet/undefined HTTP/1.1" 200 15 "http://localhost:3000/my-wallets" "Mozilla/5.0 (Windows NT 10.0; Win64; x64) AppleWebKit/537.36 (KHTML, like Gecko) Chrome/80.0.3987.149 Safari/537.36"
::1 - - [29/Mar/2020:11:31:20 +0000] "DELETE /wallet/undefined HTTP/1.1" 500 98 "http://localhost:3000/my-wallets" "Mozilla/5.0 (Linux; Android 6.0; Nexus 5 Build/MRA58N) AppleWebKit/537.36 (KHTML, like Gecko) Chrome/80.0.3987.149 Mobile Safari/537.36"
::1 - - [29/Mar/2020:11:31:37 +0000] "OPTIONS /wallet/undefined HTTP/1.1" 200 15 "http://localhost:3000/my-wallets" "Mozilla/5.0 (Windows NT 10.0; Win64; x64) AppleWebKit/537.36 (KHTML, like Gecko) Chrome/80.0.3987.149 Safari/537.36"
::1 - - [29/Mar/2020:11:31:37 +0000] "DELETE /wallet/undefined HTTP/1.1" 500 98 "http://localhost:3000/my-wallets" "Mozilla/5.0 (Linux; Android 6.0; Nexus 5 Build/MRA58N) AppleWebKit/537.36 (KHTML, like Gecko) Chrome/80.0.3987.149 Mobile Safari/537.36"
::1 - - [29/Mar/2020:11:31:55 +0000] "OPTIONS /wallet/undefined HTTP/1.1" 200 15 "http://localhost:3000/my-wallets" "Mozilla/5.0 (Windows NT 10.0; Win64; x64) AppleWebKit/537.36 (KHTML, like Gecko) Chrome/80.0.3987.149 Safari/537.36"
::1 - - [29/Mar/2020:11:31:55 +0000] "DELETE /wallet/undefined HTTP/1.1" 500 98 "http://localhost:3000/my-wallets" "Mozilla/5.0 (Linux; Android 6.0; Nexus 5 Build/MRA58N) AppleWebKit/537.36 (KHTML, like Gecko) Chrome/80.0.3987.149 Mobile Safari/537.36"
::1 - - [29/Mar/2020:11:32:14 +0000] "OPTIONS /wallet/undefined HTTP/1.1" 200 15 "http://localhost:3000/my-wallets" "Mozilla/5.0 (Windows NT 10.0; Win64; x64) AppleWebKit/537.36 (KHTML, like Gecko) Chrome/80.0.3987.149 Safari/537.36"
::1 - - [29/Mar/2020:11:32:14 +0000] "DELETE /wallet/undefined HTTP/1.1" 500 98 "http://localhost:3000/my-wallets" "Mozilla/5.0 (Linux; Android 6.0; Nexus 5 Build/MRA58N) AppleWebKit/537.36 (KHTML, like Gecko) Chrome/80.0.3987.149 Mobile Safari/537.36"
::1 - - [29/Mar/2020:11:33:15 +0000] "OPTIONS /wallet/undefined HTTP/1.1" 200 15 "http://localhost:3000/my-wallets" "Mozilla/5.0 (Windows NT 10.0; Win64; x64) AppleWebKit/537.36 (KHTML, like Gecko) Chrome/80.0.3987.149 Safari/537.36"
::1 - - [29/Mar/2020:11:33:15 +0000] "DELETE /wallet/undefined HTTP/1.1" 500 98 "http://localhost:3000/my-wallets" "Mozilla/5.0 (Linux; Android 6.0; Nexus 5 Build/MRA58N) AppleWebKit/537.36 (KHTML, like Gecko) Chrome/80.0.3987.149 Mobile Safari/537.36"
::1 - - [29/Mar/2020:11:35:50 +0000] "OPTIONS /wallet/5e8086f6c0c5bc0017cd9842 HTTP/1.1" 200 15 "http://localhost:3000/my-wallets" "Mozilla/5.0 (Windows NT 10.0; Win64; x64) AppleWebKit/537.36 (KHTML, like Gecko) Chrome/80.0.3987.149 Safari/537.36"
::1 - - [29/Mar/2020:11:35:52 +0000] "DELETE /wallet/5e8086f6c0c5bc0017cd9842 HTTP/1.1" 200 44 "http://localhost:3000/my-wallets" "Mozilla/5.0 (Linux; Android 6.0; Nexus 5 Build/MRA58N) AppleWebKit/537.36 (KHTML, like Gecko) Chrome/80.0.3987.149 Mobile Safari/537.36"
::1 - - [29/Mar/2020:11:35:56 +0000] "OPTIONS /wallet/5e8086f0c0c5bc0017cd9840 HTTP/1.1" 200 15 "http://localhost:3000/my-wallets" "Mozilla/5.0 (Windows NT 10.0; Win64; x64) AppleWebKit/537.36 (KHTML, like Gecko) Chrome/80.0.3987.149 Safari/537.36"
::1 - - [29/Mar/2020:11:35:56 +0000] "DELETE /wallet/5e8086f0c0c5bc0017cd9840 HTTP/1.1" 200 44 "http://localhost:3000/my-wallets" "Mozilla/5.0 (Linux; Android 6.0; Nexus 5 Build/MRA58N) AppleWebKit/537.36 (KHTML, like Gecko) Chrome/80.0.3987.149 Mobile Safari/537.36"
::1 - - [29/Mar/2020:11:36:00 +0000] "OPTIONS /wallet/5e8086edc0c5bc0017cd983e HTTP/1.1" 200 15 "http://localhost:3000/my-wallets" "Mozilla/5.0 (Windows NT 10.0; Win64; x64) AppleWebKit/537.36 (KHTML, like Gecko) Chrome/80.0.3987.149 Safari/537.36"
::1 - - [29/Mar/2020:11:36:01 +0000] "DELETE /wallet/5e8086edc0c5bc0017cd983e HTTP/1.1" 200 44 "http://localhost:3000/my-wallets" "Mozilla/5.0 (Linux; Android 6.0; Nexus 5 Build/MRA58N) AppleWebKit/537.36 (KHTML, like Gecko) Chrome/80.0.3987.149 Mobile Safari/537.36"
::1 - - [29/Mar/2020:11:36:18 +0000] "OPTIONS /wallet/5e80833cc0c5bc0017cd9838 HTTP/1.1" 200 15 "http://localhost:3000/my-wallets" "Mozilla/5.0 (Windows NT 10.0; Win64; x64) AppleWebKit/537.36 (KHTML, like Gecko) Chrome/80.0.3987.149 Safari/537.36"
::1 - - [29/Mar/2020:11:36:19 +0000] "DELETE /wallet/5e80833cc0c5bc0017cd9838 HTTP/1.1" 200 44 "http://localhost:3000/my-wallets" "Mozilla/5.0 (Linux; Android 6.0; Nexus 5 Build/MRA58N) AppleWebKit/537.36 (KHTML, like Gecko) Chrome/80.0.3987.149 Mobile Safari/537.36"
::1 - - [29/Mar/2020:11:41:17 +0000] "OPTIONS /wallet/5e80493622baa30017e6a4fa HTTP/1.1" 200 15 "http://localhost:3000/my-wallets" "Mozilla/5.0 (Windows NT 10.0; Win64; x64) AppleWebKit/537.36 (KHTML, like Gecko) Chrome/80.0.3987.149 Safari/537.36"
::1 - - [29/Mar/2020:11:41:18 +0000] "DELETE /wallet/5e80493622baa30017e6a4fa HTTP/1.1" 200 44 "http://localhost:3000/my-wallets" "Mozilla/5.0 (Linux; Android 6.0; Nexus 5 Build/MRA58N) AppleWebKit/537.36 (KHTML, like Gecko) Chrome/80.0.3987.149 Mobile Safari/537.36"
::1 - - [29/Mar/2020:11:45:28 +0000] "OPTIONS /wallet/5e7fd39b2f3e840017c5b9fa HTTP/1.1" 200 15 "http://localhost:3000/my-wallets" "Mozilla/5.0 (Windows NT 10.0; Win64; x64) AppleWebKit/537.36 (KHTML, like Gecko) Chrome/80.0.3987.149 Safari/537.36"
::1 - - [29/Mar/2020:11:45:28 +0000] "OPTIONS /wallet/ HTTP/1.1" 404 150 "http://localhost:3000/my-wallets" "Mozilla/5.0 (Windows NT 10.0; Win64; x64) AppleWebKit/537.36 (KHTML, like Gecko) Chrome/80.0.3987.149 Safari/537.36"
::1 - - [29/Mar/2020:11:45:29 +0000] "OPTIONS /wallet/ HTTP/1.1" 404 150 "http://localhost:3000/my-wallets" "Mozilla/5.0 (Windows NT 10.0; Win64; x64) AppleWebKit/537.36 (KHTML, like Gecko) Chrome/80.0.3987.149 Safari/537.36"
::1 - - [29/Mar/2020:11:45:29 +0000] "DELETE /wallet/5e7fd39b2f3e840017c5b9fa HTTP/1.1" 200 44 "http://localhost:3000/my-wallets" "Mozilla/5.0 (Linux; Android 6.0; Nexus 5 Build/MRA58N) AppleWebKit/537.36 (KHTML, like Gecko) Chrome/80.0.3987.149 Mobile Safari/537.36"
::1 - - [30/Mar/2020:11:04:13 +0000] "GET / HTTP/1.1" 404 139 "-" "Mozilla/5.0 (Windows NT 10.0; Win64; x64) AppleWebKit/537.36 (KHTML, like Gecko) Chrome/80.0.3987.149 Safari/537.36"
::1 - - [30/Mar/2020:11:04:48 +0000] "OPTIONS /wallet/5e80b4095c3e420017e15cb2 HTTP/1.1" 200 15 "http://localhost:3000/my-wallets" "Mozilla/5.0 (Windows NT 10.0; Win64; x64) AppleWebKit/537.36 (KHTML, like Gecko) Chrome/80.0.3987.149 Safari/537.36"
::1 - - [30/Mar/2020:11:04:49 +0000] "DELETE /wallet/5e80b4095c3e420017e15cb2 HTTP/1.1" 500 56 "http://localhost:3000/my-wallets" "Mozilla/5.0 (Windows NT 10.0; Win64; x64) AppleWebKit/537.36 (KHTML, like Gecko) Chrome/80.0.3987.149 Safari/537.36"
::1 - - [30/Mar/2020:11:07:08 +0000] "OPTIONS /wallet/5e81d2d8eacd2300178bf493 HTTP/1.1" 200 15 "http://localhost:3000/my-wallets" "Mozilla/5.0 (Windows NT 10.0; Win64; x64) AppleWebKit/537.36 (KHTML, like Gecko) Chrome/80.0.3987.149 Safari/537.36"
::1 - - [30/Mar/2020:11:07:10 +0000] "DELETE /wallet/5e81d2d8eacd2300178bf493 HTTP/1.1" 200 44 "http://localhost:3000/my-wallets" "Mozilla/5.0 (Windows NT 10.0; Win64; x64) AppleWebKit/537.36 (KHTML, like Gecko) Chrome/80.0.3987.149 Safari/537.36"
::1 - - [30/Mar/2020:20:09:55 +0000] "OPTIONS /fav-wallets-remove/5e81d787826e880017937234 HTTP/1.1" 200 8 "http://localhost:3000/my-wallets" "Mozilla/5.0 (Windows NT 10.0; Win64; x64) AppleWebKit/537.36 (KHTML, like Gecko) Chrome/80.0.3987.149 Safari/537.36"
::1 - - [30/Mar/2020:20:09:57 +0000] "GET /fav-wallets-remove/5e81d787826e880017937234 HTTP/1.1" 201 57 "http://localhost:3000/my-wallets" "Mozilla/5.0 (Linux; Android 6.0; Nexus 5 Build/MRA58N) AppleWebKit/537.36 (KHTML, like Gecko) Chrome/80.0.3987.149 Mobile Safari/537.36"
::1 - - [30/Mar/2020:20:10:20 +0000] "OPTIONS /fav-wallets-remove/5e81d787826e880017937234 HTTP/1.1" 200 8 "http://localhost:3000/my-wallets" "Mozilla/5.0 (Windows NT 10.0; Win64; x64) AppleWebKit/537.36 (KHTML, like Gecko) Chrome/80.0.3987.149 Safari/537.36"
::1 - - [30/Mar/2020:20:10:21 +0000] "GET /fav-wallets-remove/5e81d787826e880017937234 HTTP/1.1" 201 57 "http://localhost:3000/my-wallets" "Mozilla/5.0 (Linux; Android 6.0; Nexus 5 Build/MRA58N) AppleWebKit/537.36 (KHTML, like Gecko) Chrome/80.0.3987.149 Mobile Safari/537.36"
::1 - - [30/Mar/2020:20:13:09 +0000] "OPTIONS /fav-wallets-remove/5e81d787826e880017937234 HTTP/1.1" 200 8 "http://localhost:3000/my-wallets" "Mozilla/5.0 (Windows NT 10.0; Win64; x64) AppleWebKit/537.36 (KHTML, like Gecko) Chrome/80.0.3987.149 Safari/537.36"
::1 - - [30/Mar/2020:20:13:10 +0000] "GET /fav-wallets-remove/5e81d787826e880017937234 HTTP/1.1" 201 57 "http://localhost:3000/my-wallets" "Mozilla/5.0 (Linux; Android 6.0; Nexus 5 Build/MRA58N) AppleWebKit/537.36 (KHTML, like Gecko) Chrome/80.0.3987.149 Mobile Safari/537.36"
::1 - - [30/Mar/2020:20:17:03 +0000] "OPTIONS /fav-wallets-remove/5e81d787826e880017937234 HTTP/1.1" 200 8 "http://localhost:3000/my-wallets" "Mozilla/5.0 (Windows NT 10.0; Win64; x64) AppleWebKit/537.36 (KHTML, like Gecko) Chrome/80.0.3987.149 Safari/537.36"
::1 - - [30/Mar/2020:20:17:04 +0000] "GET /fav-wallets-remove/5e81d787826e880017937234 HTTP/1.1" 404 366 "http://localhost:3000/my-wallets" "Mozilla/5.0 (Linux; Android 6.0; Nexus 5 Build/MRA58N) AppleWebKit/537.36 (KHTML, like Gecko) Chrome/80.0.3987.149 Mobile Safari/537.36"
::1 - - [03/Apr/2020:21:23:30 +0000] "OPTIONS /auth/login HTTP/1.1" 200 4 "http://localhost:3000/login" "Mozilla/5.0 (Windows NT 10.0; Win64; x64) AppleWebKit/537.36 (KHTML, like Gecko) Chrome/80.0.3987.149 Safari/537.36"
::1 - - [03/Apr/2020:21:23:32 +0000] "POST /auth/login HTTP/1.1" 200 244 "http://localhost:3000/login" "Mozilla/5.0 (Windows NT 10.0; Win64; x64) AppleWebKit/537.36 (KHTML, like Gecko) Chrome/80.0.3987.149 Safari/537.36"
::1 - - [03/Apr/2020:21:29:41 +0000] "OPTIONS /auth/signup HTTP/1.1" 200 3 "http://localhost:3000/signup" "Mozilla/5.0 (Windows NT 10.0; Win64; x64) AppleWebKit/537.36 (KHTML, like Gecko) Chrome/80.0.3987.149 Safari/537.36"
::1 - - [03/Apr/2020:21:29:43 +0000] "PUT /auth/signup HTTP/1.1" 201 63 "http://localhost:3000/signup" "Mozilla/5.0 (Windows NT 10.0; Win64; x64) AppleWebKit/537.36 (KHTML, like Gecko) Chrome/80.0.3987.149 Safari/537.36"
::1 - - [03/Apr/2020:21:29:47 +0000] "OPTIONS /auth/login HTTP/1.1" 200 4 "http://localhost:3000/login" "Mozilla/5.0 (Windows NT 10.0; Win64; x64) AppleWebKit/537.36 (KHTML, like Gecko) Chrome/80.0.3987.149 Safari/537.36"
::1 - - [03/Apr/2020:21:29:48 +0000] "POST /auth/login HTTP/1.1" 200 257 "http://localhost:3000/login" "Mozilla/5.0 (Windows NT 10.0; Win64; x64) AppleWebKit/537.36 (KHTML, like Gecko) Chrome/80.0.3987.149 Safari/537.36"
::1 - - [03/Apr/2020:21:29:50 +0000] "OPTIONS /wallets HTTP/1.1" 200 8 "http://localhost:3000/my-wallets" "Mozilla/5.0 (Windows NT 10.0; Win64; x64) AppleWebKit/537.36 (KHTML, like Gecko) Chrome/80.0.3987.149 Safari/537.36"
::1 - - [03/Apr/2020:21:29:50 +0000] "GET /wallets HTTP/1.1" 500 - "http://localhost:3000/my-wallets" "Mozilla/5.0 (Windows NT 10.0; Win64; x64) AppleWebKit/537.36 (KHTML, like Gecko) Chrome/80.0.3987.149 Safari/537.36"
::1 - - [03/Apr/2020:21:31:44 +0000] "OPTIONS /wallets HTTP/1.1" 200 8 "http://localhost:3000/my-wallets" "Mozilla/5.0 (Windows NT 10.0; Win64; x64) AppleWebKit/537.36 (KHTML, like Gecko) Chrome/80.0.3987.149 Safari/537.36"
::1 - - [03/Apr/2020:21:31:44 +0000] "GET /wallets HTTP/1.1" 500 - "http://localhost:3000/my-wallets" "Mozilla/5.0 (Windows NT 10.0; Win64; x64) AppleWebKit/537.36 (KHTML, like Gecko) Chrome/80.0.3987.149 Safari/537.36"
::1 - - [03/Apr/2020:21:32:15 +0000] "OPTIONS /new-wallet HTTP/1.1" 200 3 "http://localhost:3000/new-wallet" "Mozilla/5.0 (Windows NT 10.0; Win64; x64) AppleWebKit/537.36 (KHTML, like Gecko) Chrome/80.0.3987.149 Safari/537.36"
::1 - - [03/Apr/2020:21:32:16 +0000] "PUT /new-wallet HTTP/1.1" 201 42 "http://localhost:3000/new-wallet" "Mozilla/5.0 (Windows NT 10.0; Win64; x64) AppleWebKit/537.36 (KHTML, like Gecko) Chrome/80.0.3987.149 Safari/537.36"
::1 - - [03/Apr/2020:21:32:20 +0000] "OPTIONS /wallets HTTP/1.1" 200 8 "http://localhost:3000/my-wallets" "Mozilla/5.0 (Windows NT 10.0; Win64; x64) AppleWebKit/537.36 (KHTML, like Gecko) Chrome/80.0.3987.149 Safari/537.36"
::1 - - [03/Apr/2020:21:32:20 +0000] "GET /wallets HTTP/1.1" 500 - "http://localhost:3000/my-wallets" "Mozilla/5.0 (Windows NT 10.0; Win64; x64) AppleWebKit/537.36 (KHTML, like Gecko) Chrome/80.0.3987.149 Safari/537.36"
::1 - - [03/Apr/2020:21:33:28 +0000] "OPTIONS /wallets HTTP/1.1" 200 8 "http://localhost:3000/my-wallets" "Mozilla/5.0 (Windows NT 10.0; Win64; x64) AppleWebKit/537.36 (KHTML, like Gecko) Chrome/80.0.3987.149 Safari/537.36"
::1 - - [03/Apr/2020:21:33:29 +0000] "GET /wallets HTTP/1.1" 201 404 "http://localhost:3000/my-wallets" "Mozilla/5.0 (Windows NT 10.0; Win64; x64) AppleWebKit/537.36 (KHTML, like Gecko) Chrome/80.0.3987.149 Safari/537.36"
::1 - - [03/Apr/2020:21:33:35 +0000] "OPTIONS /wallet/5e87ab5fd7cf7b28582d591f HTTP/1.1" 200 15 "http://localhost:3000/my-wallets" "Mozilla/5.0 (Windows NT 10.0; Win64; x64) AppleWebKit/537.36 (KHTML, like Gecko) Chrome/80.0.3987.149 Safari/537.36"
::1 - - [03/Apr/2020:21:33:35 +0000] "DELETE /wallet/5e87ab5fd7cf7b28582d591f HTTP/1.1" 200 44 "http://localhost:3000/my-wallets" "Mozilla/5.0 (Windows NT 10.0; Win64; x64) AppleWebKit/537.36 (KHTML, like Gecko) Chrome/80.0.3987.149 Safari/537.36"
::1 - - [03/Apr/2020:21:33:38 +0000] "OPTIONS /wallets HTTP/1.1" 200 8 "http://localhost:3000/my-wallets" "Mozilla/5.0 (Windows NT 10.0; Win64; x64) AppleWebKit/537.36 (KHTML, like Gecko) Chrome/80.0.3987.149 Safari/537.36"
::1 - - [03/Apr/2020:21:33:39 +0000] "GET /wallets HTTP/1.1" 201 55 "http://localhost:3000/my-wallets" "Mozilla/5.0 (Windows NT 10.0; Win64; x64) AppleWebKit/537.36 (KHTML, like Gecko) Chrome/80.0.3987.149 Safari/537.36"
::1 - - [03/Apr/2020:21:34:21 +0000] "OPTIONS /wallets HTTP/1.1" 200 8 "http://localhost:3000/favourites" "Mozilla/5.0 (Windows NT 10.0; Win64; x64) AppleWebKit/537.36 (KHTML, like Gecko) Chrome/80.0.3987.149 Safari/537.36"
::1 - - [03/Apr/2020:21:34:22 +0000] "GET /wallets HTTP/1.1" 201 55 "http://localhost:3000/favourites" "Mozilla/5.0 (Windows NT 10.0; Win64; x64) AppleWebKit/537.36 (KHTML, like Gecko) Chrome/80.0.3987.149 Safari/537.36"
::1 - - [03/Apr/2020:21:34:33 +0000] "OPTIONS /new-wallet HTTP/1.1" 200 3 "http://localhost:3000/new-wallet" "Mozilla/5.0 (Windows NT 10.0; Win64; x64) AppleWebKit/537.36 (KHTML, like Gecko) Chrome/80.0.3987.149 Safari/537.36"
::1 - - [03/Apr/2020:21:34:34 +0000] "PUT /new-wallet HTTP/1.1" 201 42 "http://localhost:3000/new-wallet" "Mozilla/5.0 (Windows NT 10.0; Win64; x64) AppleWebKit/537.36 (KHTML, like Gecko) Chrome/80.0.3987.149 Safari/537.36"
::1 - - [03/Apr/2020:21:34:37 +0000] "OPTIONS /wallets HTTP/1.1" 200 8 "http://localhost:3000/my-wallets" "Mozilla/5.0 (Windows NT 10.0; Win64; x64) AppleWebKit/537.36 (KHTML, like Gecko) Chrome/80.0.3987.149 Safari/537.36"
::1 - - [03/Apr/2020:21:34:37 +0000] "GET /wallets HTTP/1.1" 201 407 "http://localhost:3000/my-wallets" "Mozilla/5.0 (Windows NT 10.0; Win64; x64) AppleWebKit/537.36 (KHTML, like Gecko) Chrome/80.0.3987.149 Safari/537.36"
::1 - - [03/Apr/2020:21:34:40 +0000] "OPTIONS /categories HTTP/1.1" 200 8 "http://localhost:3000/wallet/5e87abe9c5010423bc73cdc3" "Mozilla/5.0 (Windows NT 10.0; Win64; x64) AppleWebKit/537.36 (KHTML, like Gecko) Chrome/80.0.3987.149 Safari/537.36"
::1 - - [03/Apr/2020:21:34:40 +0000] "OPTIONS /wallet/5e87abe9c5010423bc73cdc3 HTTP/1.1" 200 15 "http://localhost:3000/wallet/5e87abe9c5010423bc73cdc3" "Mozilla/5.0 (Windows NT 10.0; Win64; x64) AppleWebKit/537.36 (KHTML, like Gecko) Chrome/80.0.3987.149 Safari/537.36"
::1 - - [03/Apr/2020:21:34:40 +0000] "GET /categories HTTP/1.1" 201 141 "http://localhost:3000/wallet/5e87abe9c5010423bc73cdc3" "Mozilla/5.0 (Windows NT 10.0; Win64; x64) AppleWebKit/537.36 (KHTML, like Gecko) Chrome/80.0.3987.149 Safari/537.36"
::1 - - [03/Apr/2020:21:34:40 +0000] "GET /wallet/5e87abe9c5010423bc73cdc3 HTTP/1.1" 200 344 "http://localhost:3000/wallet/5e87abe9c5010423bc73cdc3" "Mozilla/5.0 (Windows NT 10.0; Win64; x64) AppleWebKit/537.36 (KHTML, like Gecko) Chrome/80.0.3987.149 Safari/537.36"
::1 - - [03/Apr/2020:21:34:47 +0000] "OPTIONS /wallet-expense HTTP/1.1" 200 3 "http://localhost:3000/wallet/5e87abe9c5010423bc73cdc3" "Mozilla/5.0 (Windows NT 10.0; Win64; x64) AppleWebKit/537.36 (KHTML, like Gecko) Chrome/80.0.3987.149 Safari/537.36"
::1 - - [03/Apr/2020:21:34:48 +0000] "PUT /wallet-expense HTTP/1.1" 201 138 "http://localhost:3000/wallet/5e87abe9c5010423bc73cdc3" "Mozilla/5.0 (Windows NT 10.0; Win64; x64) AppleWebKit/537.36 (KHTML, like Gecko) Chrome/80.0.3987.149 Safari/537.36"
::1 - - [03/Apr/2020:21:34:54 +0000] "OPTIONS /wallet-income HTTP/1.1" 200 3 "http://localhost:3000/wallet/5e87abe9c5010423bc73cdc3" "Mozilla/5.0 (Windows NT 10.0; Win64; x64) AppleWebKit/537.36 (KHTML, like Gecko) Chrome/80.0.3987.149 Safari/537.36"
::1 - - [03/Apr/2020:21:34:54 +0000] "PUT /wallet-income HTTP/1.1" 201 138 "http://localhost:3000/wallet/5e87abe9c5010423bc73cdc3" "Mozilla/5.0 (Windows NT 10.0; Win64; x64) AppleWebKit/537.36 (KHTML, like Gecko) Chrome/80.0.3987.149 Safari/537.36"
::1 - - [03/Apr/2020:21:35:09 +0000] "OPTIONS /wallet-expense HTTP/1.1" 200 3 "http://localhost:3000/wallet/5e87abe9c5010423bc73cdc3" "Mozilla/5.0 (Windows NT 10.0; Win64; x64) AppleWebKit/537.36 (KHTML, like Gecko) Chrome/80.0.3987.149 Safari/537.36"
::1 - - [03/Apr/2020:21:35:09 +0000] "PUT /wallet-expense HTTP/1.1" 201 140 "http://localhost:3000/wallet/5e87abe9c5010423bc73cdc3" "Mozilla/5.0 (Windows NT 10.0; Win64; x64) AppleWebKit/537.36 (KHTML, like Gecko) Chrome/80.0.3987.149 Safari/537.36"
::1 - - [03/Apr/2020:21:35:13 +0000] "OPTIONS /wallet-expense HTTP/1.1" 200 3 "http://localhost:3000/wallet/5e87abe9c5010423bc73cdc3" "Mozilla/5.0 (Windows NT 10.0; Win64; x64) AppleWebKit/537.36 (KHTML, like Gecko) Chrome/80.0.3987.149 Safari/537.36"
::1 - - [03/Apr/2020:21:35:13 +0000] "PUT /wallet-expense HTTP/1.1" 201 138 "http://localhost:3000/wallet/5e87abe9c5010423bc73cdc3" "Mozilla/5.0 (Windows NT 10.0; Win64; x64) AppleWebKit/537.36 (KHTML, like Gecko) Chrome/80.0.3987.149 Safari/537.36"
::1 - - [03/Apr/2020:21:35:16 +0000] "OPTIONS /wallet-income HTTP/1.1" 200 3 "http://localhost:3000/wallet/5e87abe9c5010423bc73cdc3" "Mozilla/5.0 (Windows NT 10.0; Win64; x64) AppleWebKit/537.36 (KHTML, like Gecko) Chrome/80.0.3987.149 Safari/537.36"
::1 - - [03/Apr/2020:21:35:16 +0000] "PUT /wallet-income HTTP/1.1" 201 136 "http://localhost:3000/wallet/5e87abe9c5010423bc73cdc3" "Mozilla/5.0 (Windows NT 10.0; Win64; x64) AppleWebKit/537.36 (KHTML, like Gecko) Chrome/80.0.3987.149 Safari/537.36"
::1 - - [03/Apr/2020:21:35:19 +0000] "OPTIONS /wallet-income HTTP/1.1" 200 3 "http://localhost:3000/wallet/5e87abe9c5010423bc73cdc3" "Mozilla/5.0 (Windows NT 10.0; Win64; x64) AppleWebKit/537.36 (KHTML, like Gecko) Chrome/80.0.3987.149 Safari/537.36"
::1 - - [03/Apr/2020:21:35:20 +0000] "PUT /wallet-income HTTP/1.1" 201 138 "http://localhost:3000/wallet/5e87abe9c5010423bc73cdc3" "Mozilla/5.0 (Windows NT 10.0; Win64; x64) AppleWebKit/537.36 (KHTML, like Gecko) Chrome/80.0.3987.149 Safari/537.36"
::1 - - [03/Apr/2020:21:35:22 +0000] "OPTIONS /wallet-income HTTP/1.1" 200 3 "http://localhost:3000/wallet/5e87abe9c5010423bc73cdc3" "Mozilla/5.0 (Windows NT 10.0; Win64; x64) AppleWebKit/537.36 (KHTML, like Gecko) Chrome/80.0.3987.149 Safari/537.36"
::1 - - [03/Apr/2020:21:35:23 +0000] "PUT /wallet-income HTTP/1.1" 201 140 "http://localhost:3000/wallet/5e87abe9c5010423bc73cdc3" "Mozilla/5.0 (Windows NT 10.0; Win64; x64) AppleWebKit/537.36 (KHTML, like Gecko) Chrome/80.0.3987.149 Safari/537.36"
::1 - - [03/Apr/2020:21:35:33 +0000] "OPTIONS /wallet-expense HTTP/1.1" 200 3 "http://localhost:3000/wallet/5e87abe9c5010423bc73cdc3" "Mozilla/5.0 (Windows NT 10.0; Win64; x64) AppleWebKit/537.36 (KHTML, like Gecko) Chrome/80.0.3987.149 Safari/537.36"
::1 - - [03/Apr/2020:21:35:33 +0000] "PUT /wallet-expense HTTP/1.1" 201 140 "http://localhost:3000/wallet/5e87abe9c5010423bc73cdc3" "Mozilla/5.0 (Windows NT 10.0; Win64; x64) AppleWebKit/537.36 (KHTML, like Gecko) Chrome/80.0.3987.149 Safari/537.36"
::1 - - [03/Apr/2020:21:35:43 +0000] "OPTIONS /wallet-expense HTTP/1.1" 200 3 "http://localhost:3000/wallet/5e87abe9c5010423bc73cdc3" "Mozilla/5.0 (Windows NT 10.0; Win64; x64) AppleWebKit/537.36 (KHTML, like Gecko) Chrome/80.0.3987.149 Safari/537.36"
::1 - - [03/Apr/2020:21:35:44 +0000] "PUT /wallet-expense HTTP/1.1" 201 140 "http://localhost:3000/wallet/5e87abe9c5010423bc73cdc3" "Mozilla/5.0 (Windows NT 10.0; Win64; x64) AppleWebKit/537.36 (KHTML, like Gecko) Chrome/80.0.3987.149 Safari/537.36"
::1 - - [03/Apr/2020:21:35:52 +0000] "OPTIONS /wallet-income HTTP/1.1" 200 3 "http://localhost:3000/wallet/5e87abe9c5010423bc73cdc3" "Mozilla/5.0 (Windows NT 10.0; Win64; x64) AppleWebKit/537.36 (KHTML, like Gecko) Chrome/80.0.3987.149 Safari/537.36"
::1 - - [03/Apr/2020:21:35:52 +0000] "PUT /wallet-income HTTP/1.1" 201 140 "http://localhost:3000/wallet/5e87abe9c5010423bc73cdc3" "Mozilla/5.0 (Windows NT 10.0; Win64; x64) AppleWebKit/537.36 (KHTML, like Gecko) Chrome/80.0.3987.149 Safari/537.36"
::1 - - [03/Apr/2020:21:35:57 +0000] "OPTIONS /wallet-expense HTTP/1.1" 200 3 "http://localhost:3000/wallet/5e87abe9c5010423bc73cdc3" "Mozilla/5.0 (Windows NT 10.0; Win64; x64) AppleWebKit/537.36 (KHTML, like Gecko) Chrome/80.0.3987.149 Safari/537.36"
::1 - - [03/Apr/2020:21:35:57 +0000] "PUT /wallet-expense HTTP/1.1" 201 140 "http://localhost:3000/wallet/5e87abe9c5010423bc73cdc3" "Mozilla/5.0 (Windows NT 10.0; Win64; x64) AppleWebKit/537.36 (KHTML, like Gecko) Chrome/80.0.3987.149 Safari/537.36"
::1 - - [03/Apr/2020:21:36:02 +0000] "OPTIONS /wallet-expense HTTP/1.1" 200 3 "http://localhost:3000/wallet/5e87abe9c5010423bc73cdc3" "Mozilla/5.0 (Windows NT 10.0; Win64; x64) AppleWebKit/537.36 (KHTML, like Gecko) Chrome/80.0.3987.149 Safari/537.36"
::1 - - [03/Apr/2020:21:36:03 +0000] "PUT /wallet-expense HTTP/1.1" 201 140 "http://localhost:3000/wallet/5e87abe9c5010423bc73cdc3" "Mozilla/5.0 (Windows NT 10.0; Win64; x64) AppleWebKit/537.36 (KHTML, like Gecko) Chrome/80.0.3987.149 Safari/537.36"
::1 - - [03/Apr/2020:21:36:07 +0000] "OPTIONS /wallet/5e87abe9c5010423bc73cdc3 HTTP/1.1" 200 15 "http://localhost:3000/wallet/5e87abe9c5010423bc73cdc3" "Mozilla/5.0 (Windows NT 10.0; Win64; x64) AppleWebKit/537.36 (KHTML, like Gecko) Chrome/80.0.3987.149 Safari/537.36"
::1 - - [03/Apr/2020:21:36:07 +0000] "GET /wallet/5e87abe9c5010423bc73cdc3 HTTP/1.1" 200 - "http://localhost:3000/wallet/5e87abe9c5010423bc73cdc3" "Mozilla/5.0 (Windows NT 10.0; Win64; x64) AppleWebKit/537.36 (KHTML, like Gecko) Chrome/80.0.3987.149 Safari/537.36"
::1 - - [03/Apr/2020:21:36:10 +0000] "OPTIONS /wallet/5e87abe9c5010423bc73cdc3 HTTP/1.1" 200 15 "http://localhost:3000/wallet/5e87abe9c5010423bc73cdc3" "Mozilla/5.0 (Windows NT 10.0; Win64; x64) AppleWebKit/537.36 (KHTML, like Gecko) Chrome/80.0.3987.149 Safari/537.36"
::1 - - [03/Apr/2020:21:36:10 +0000] "GET /wallet/5e87abe9c5010423bc73cdc3 HTTP/1.1" 200 - "http://localhost:3000/wallet/5e87abe9c5010423bc73cdc3" "Mozilla/5.0 (Windows NT 10.0; Win64; x64) AppleWebKit/537.36 (KHTML, like Gecko) Chrome/80.0.3987.149 Safari/537.36"
::1 - - [03/Apr/2020:21:36:18 +0000] "OPTIONS /wallet-expense HTTP/1.1" 200 3 "http://localhost:3000/wallet/5e87abe9c5010423bc73cdc3" "Mozilla/5.0 (Windows NT 10.0; Win64; x64) AppleWebKit/537.36 (KHTML, like Gecko) Chrome/80.0.3987.149 Safari/537.36"
::1 - - [03/Apr/2020:21:36:19 +0000] "PUT /wallet-expense HTTP/1.1" 201 136 "http://localhost:3000/wallet/5e87abe9c5010423bc73cdc3" "Mozilla/5.0 (Windows NT 10.0; Win64; x64) AppleWebKit/537.36 (KHTML, like Gecko) Chrome/80.0.3987.149 Safari/537.36"
::1 - - [03/Apr/2020:21:36:27 +0000] "OPTIONS /wallets HTTP/1.1" 200 8 "http://localhost:3000/my-wallets" "Mozilla/5.0 (Windows NT 10.0; Win64; x64) AppleWebKit/537.36 (KHTML, like Gecko) Chrome/80.0.3987.149 Safari/537.36"
::1 - - [03/Apr/2020:21:36:27 +0000] "GET /wallets HTTP/1.1" 201 - "http://localhost:3000/my-wallets" "Mozilla/5.0 (Windows NT 10.0; Win64; x64) AppleWebKit/537.36 (KHTML, like Gecko) Chrome/80.0.3987.149 Safari/537.36"
::1 - - [03/Apr/2020:21:36:29 +0000] "OPTIONS /fav-wallets-add/5e87abe9c5010423bc73cdc3 HTTP/1.1" 200 8 "http://localhost:3000/my-wallets" "Mozilla/5.0 (Windows NT 10.0; Win64; x64) AppleWebKit/537.36 (KHTML, like Gecko) Chrome/80.0.3987.149 Safari/537.36"
::1 - - [03/Apr/2020:21:36:29 +0000] "GET /fav-wallets-add/5e87abe9c5010423bc73cdc3 HTTP/1.1" 201 53 "http://localhost:3000/my-wallets" "Mozilla/5.0 (Windows NT 10.0; Win64; x64) AppleWebKit/537.36 (KHTML, like Gecko) Chrome/80.0.3987.149 Safari/537.36"
::1 - - [03/Apr/2020:21:36:30 +0000] "OPTIONS /fav-wallets-remove/5e87abe9c5010423bc73cdc3 HTTP/1.1" 200 8 "http://localhost:3000/my-wallets" "Mozilla/5.0 (Windows NT 10.0; Win64; x64) AppleWebKit/537.36 (KHTML, like Gecko) Chrome/80.0.3987.149 Safari/537.36"
::1 - - [03/Apr/2020:21:36:30 +0000] "GET /fav-wallets-remove/5e87abe9c5010423bc73cdc3 HTTP/1.1" 500 722 "http://localhost:3000/my-wallets" "Mozilla/5.0 (Windows NT 10.0; Win64; x64) AppleWebKit/537.36 (KHTML, like Gecko) Chrome/80.0.3987.149 Safari/537.36"
::1 - - [03/Apr/2020:21:36:36 +0000] "OPTIONS /wallets HTTP/1.1" 200 8 "http://localhost:3000/favourites" "Mozilla/5.0 (Windows NT 10.0; Win64; x64) AppleWebKit/537.36 (KHTML, like Gecko) Chrome/80.0.3987.149 Safari/537.36"
::1 - - [03/Apr/2020:21:36:36 +0000] "GET /wallets HTTP/1.1" 201 - "http://localhost:3000/favourites" "Mozilla/5.0 (Windows NT 10.0; Win64; x64) AppleWebKit/537.36 (KHTML, like Gecko) Chrome/80.0.3987.149 Safari/537.36"
::1 - - [03/Apr/2020:21:36:38 +0000] "OPTIONS /wallets HTTP/1.1" 200 8 "http://localhost:3000/my-wallets" "Mozilla/5.0 (Windows NT 10.0; Win64; x64) AppleWebKit/537.36 (KHTML, like Gecko) Chrome/80.0.3987.149 Safari/537.36"
::1 - - [03/Apr/2020:21:36:38 +0000] "GET /wallets HTTP/1.1" 201 - "http://localhost:3000/my-wallets" "Mozilla/5.0 (Windows NT 10.0; Win64; x64) AppleWebKit/537.36 (KHTML, like Gecko) Chrome/80.0.3987.149 Safari/537.36"
::1 - - [03/Apr/2020:21:36:39 +0000] "OPTIONS /fav-wallets-add/5e87abe9c5010423bc73cdc3 HTTP/1.1" 200 8 "http://localhost:3000/my-wallets" "Mozilla/5.0 (Windows NT 10.0; Win64; x64) AppleWebKit/537.36 (KHTML, like Gecko) Chrome/80.0.3987.149 Safari/537.36"
::1 - - [03/Apr/2020:21:36:40 +0000] "GET /fav-wallets-add/5e87abe9c5010423bc73cdc3 HTTP/1.1" 201 53 "http://localhost:3000/my-wallets" "Mozilla/5.0 (Windows NT 10.0; Win64; x64) AppleWebKit/537.36 (KHTML, like Gecko) Chrome/80.0.3987.149 Safari/537.36"
::1 - - [03/Apr/2020:21:36:43 +0000] "OPTIONS /fav-wallets-remove/5e87abe9c5010423bc73cdc3 HTTP/1.1" 200 8 "http://localhost:3000/my-wallets" "Mozilla/5.0 (Windows NT 10.0; Win64; x64) AppleWebKit/537.36 (KHTML, like Gecko) Chrome/80.0.3987.149 Safari/537.36"
::1 - - [03/Apr/2020:21:36:43 +0000] "GET /fav-wallets-remove/5e87abe9c5010423bc73cdc3 HTTP/1.1" 500 722 "http://localhost:3000/my-wallets" "Mozilla/5.0 (Windows NT 10.0; Win64; x64) AppleWebKit/537.36 (KHTML, like Gecko) Chrome/80.0.3987.149 Safari/537.36"
::1 - - [03/Apr/2020:21:37:50 +0000] "OPTIONS /fav-wallets-remove/5e87abe9c5010423bc73cdc3 HTTP/1.1" 200 8 "http://localhost:3000/my-wallets" "Mozilla/5.0 (Windows NT 10.0; Win64; x64) AppleWebKit/537.36 (KHTML, like Gecko) Chrome/80.0.3987.149 Safari/537.36"
::1 - - [03/Apr/2020:21:37:51 +0000] "GET /fav-wallets-remove/5e87abe9c5010423bc73cdc3 HTTP/1.1" 201 57 "http://localhost:3000/my-wallets" "Mozilla/5.0 (Windows NT 10.0; Win64; x64) AppleWebKit/537.36 (KHTML, like Gecko) Chrome/80.0.3987.149 Safari/537.36"
::1 - - [03/Apr/2020:21:37:52 +0000] "OPTIONS /fav-wallets-add/5e87abe9c5010423bc73cdc3 HTTP/1.1" 200 8 "http://localhost:3000/my-wallets" "Mozilla/5.0 (Windows NT 10.0; Win64; x64) AppleWebKit/537.36 (KHTML, like Gecko) Chrome/80.0.3987.149 Safari/537.36"
::1 - - [03/Apr/2020:21:37:52 +0000] "GET /fav-wallets-add/5e87abe9c5010423bc73cdc3 HTTP/1.1" 201 53 "http://localhost:3000/my-wallets" "Mozilla/5.0 (Windows NT 10.0; Win64; x64) AppleWebKit/537.36 (KHTML, like Gecko) Chrome/80.0.3987.149 Safari/537.36"
::1 - - [03/Apr/2020:21:37:52 +0000] "OPTIONS /fav-wallets-remove/5e87abe9c5010423bc73cdc3 HTTP/1.1" 200 8 "http://localhost:3000/my-wallets" "Mozilla/5.0 (Windows NT 10.0; Win64; x64) AppleWebKit/537.36 (KHTML, like Gecko) Chrome/80.0.3987.149 Safari/537.36"
::1 - - [03/Apr/2020:21:37:53 +0000] "GET /fav-wallets-remove/5e87abe9c5010423bc73cdc3 HTTP/1.1" 201 57 "http://localhost:3000/my-wallets" "Mozilla/5.0 (Windows NT 10.0; Win64; x64) AppleWebKit/537.36 (KHTML, like Gecko) Chrome/80.0.3987.149 Safari/537.36"
::1 - - [03/Apr/2020:21:37:54 +0000] "OPTIONS /fav-wallets-add/5e87abe9c5010423bc73cdc3 HTTP/1.1" 200 8 "http://localhost:3000/my-wallets" "Mozilla/5.0 (Windows NT 10.0; Win64; x64) AppleWebKit/537.36 (KHTML, like Gecko) Chrome/80.0.3987.149 Safari/537.36"
::1 - - [03/Apr/2020:21:37:55 +0000] "GET /fav-wallets-add/5e87abe9c5010423bc73cdc3 HTTP/1.1" 201 53 "http://localhost:3000/my-wallets" "Mozilla/5.0 (Windows NT 10.0; Win64; x64) AppleWebKit/537.36 (KHTML, like Gecko) Chrome/80.0.3987.149 Safari/537.36"
::1 - - [03/Apr/2020:21:37:57 +0000] "OPTIONS /wallets HTTP/1.1" 200 8 "http://localhost:3000/favourites" "Mozilla/5.0 (Windows NT 10.0; Win64; x64) AppleWebKit/537.36 (KHTML, like Gecko) Chrome/80.0.3987.149 Safari/537.36"
::1 - - [03/Apr/2020:21:37:57 +0000] "GET /wallets HTTP/1.1" 201 - "http://localhost:3000/favourites" "Mozilla/5.0 (Windows NT 10.0; Win64; x64) AppleWebKit/537.36 (KHTML, like Gecko) Chrome/80.0.3987.149 Safari/537.36"
::1 - - [03/Apr/2020:21:38:00 +0000] "OPTIONS /fav-wallets-remove/5e87abe9c5010423bc73cdc3 HTTP/1.1" 200 8 "http://localhost:3000/favourites" "Mozilla/5.0 (Windows NT 10.0; Win64; x64) AppleWebKit/537.36 (KHTML, like Gecko) Chrome/80.0.3987.149 Safari/537.36"
::1 - - [03/Apr/2020:21:38:00 +0000] "GET /fav-wallets-remove/5e87abe9c5010423bc73cdc3 HTTP/1.1" 201 57 "http://localhost:3000/favourites" "Mozilla/5.0 (Windows NT 10.0; Win64; x64) AppleWebKit/537.36 (KHTML, like Gecko) Chrome/80.0.3987.149 Safari/537.36"
::1 - - [03/Apr/2020:21:38:02 +0000] "OPTIONS /wallets HTTP/1.1" 200 8 "http://localhost:3000/my-wallets" "Mozilla/5.0 (Windows NT 10.0; Win64; x64) AppleWebKit/537.36 (KHTML, like Gecko) Chrome/80.0.3987.149 Safari/537.36"
::1 - - [03/Apr/2020:21:38:02 +0000] "GET /wallets HTTP/1.1" 201 - "http://localhost:3000/my-wallets" "Mozilla/5.0 (Windows NT 10.0; Win64; x64) AppleWebKit/537.36 (KHTML, like Gecko) Chrome/80.0.3987.149 Safari/537.36"
::1 - - [03/Apr/2020:21:38:03 +0000] "OPTIONS /fav-wallets-add/5e87abe9c5010423bc73cdc3 HTTP/1.1" 200 8 "http://localhost:3000/my-wallets" "Mozilla/5.0 (Windows NT 10.0; Win64; x64) AppleWebKit/537.36 (KHTML, like Gecko) Chrome/80.0.3987.149 Safari/537.36"
::1 - - [03/Apr/2020:21:38:03 +0000] "GET /fav-wallets-add/5e87abe9c5010423bc73cdc3 HTTP/1.1" 201 53 "http://localhost:3000/my-wallets" "Mozilla/5.0 (Windows NT 10.0; Win64; x64) AppleWebKit/537.36 (KHTML, like Gecko) Chrome/80.0.3987.149 Safari/537.36"
::1 - - [03/Apr/2020:21:38:05 +0000] "OPTIONS /wallets HTTP/1.1" 200 8 "http://localhost:3000/favourites" "Mozilla/5.0 (Windows NT 10.0; Win64; x64) AppleWebKit/537.36 (KHTML, like Gecko) Chrome/80.0.3987.149 Safari/537.36"
::1 - - [03/Apr/2020:21:38:05 +0000] "GET /wallets HTTP/1.1" 201 - "http://localhost:3000/favourites" "Mozilla/5.0 (Windows NT 10.0; Win64; x64) AppleWebKit/537.36 (KHTML, like Gecko) Chrome/80.0.3987.149 Safari/537.36"
::1 - - [03/Apr/2020:21:38:07 +0000] "OPTIONS /wallet/5e87abe9c5010423bc73cdc3 HTTP/1.1" 200 15 "http://localhost:3000/wallet/5e87abe9c5010423bc73cdc3" "Mozilla/5.0 (Windows NT 10.0; Win64; x64) AppleWebKit/537.36 (KHTML, like Gecko) Chrome/80.0.3987.149 Safari/537.36"
::1 - - [03/Apr/2020:21:38:07 +0000] "GET /wallet/5e87abe9c5010423bc73cdc3 HTTP/1.1" 200 - "http://localhost:3000/wallet/5e87abe9c5010423bc73cdc3" "Mozilla/5.0 (Windows NT 10.0; Win64; x64) AppleWebKit/537.36 (KHTML, like Gecko) Chrome/80.0.3987.149 Safari/537.36"
::1 - - [03/Apr/2020:21:38:08 +0000] "OPTIONS /wallets HTTP/1.1" 200 8 "http://localhost:3000/favourites" "Mozilla/5.0 (Windows NT 10.0; Win64; x64) AppleWebKit/537.36 (KHTML, like Gecko) Chrome/80.0.3987.149 Safari/537.36"
::1 - - [03/Apr/2020:21:38:09 +0000] "GET /wallets HTTP/1.1" 201 - "http://localhost:3000/favourites" "Mozilla/5.0 (Windows NT 10.0; Win64; x64) AppleWebKit/537.36 (KHTML, like Gecko) Chrome/80.0.3987.149 Safari/537.36"
::1 - - [03/Apr/2020:21:38:12 +0000] "OPTIONS /wallet/5e87abe9c5010423bc73cdc3 HTTP/1.1" 200 15 "http://localhost:3000/favourites" "Mozilla/5.0 (Windows NT 10.0; Win64; x64) AppleWebKit/537.36 (KHTML, like Gecko) Chrome/80.0.3987.149 Safari/537.36"
::1 - - [03/Apr/2020:21:38:12 +0000] "DELETE /wallet/5e87abe9c5010423bc73cdc3 HTTP/1.1" 200 44 "http://localhost:3000/favourites" "Mozilla/5.0 (Windows NT 10.0; Win64; x64) AppleWebKit/537.36 (KHTML, like Gecko) Chrome/80.0.3987.149 Safari/537.36"
::1 - - [03/Apr/2020:21:38:18 +0000] "OPTIONS /add-category HTTP/1.1" 200 3 "http://localhost:3000/wallet-settings" "Mozilla/5.0 (Windows NT 10.0; Win64; x64) AppleWebKit/537.36 (KHTML, like Gecko) Chrome/80.0.3987.149 Safari/537.36"
::1 - - [03/Apr/2020:21:38:19 +0000] "PUT /add-category HTTP/1.1" 201 43 "http://localhost:3000/wallet-settings" "Mozilla/5.0 (Windows NT 10.0; Win64; x64) AppleWebKit/537.36 (KHTML, like Gecko) Chrome/80.0.3987.149 Safari/537.36"
::1 - - [03/Apr/2020:21:38:23 +0000] "OPTIONS /remove-category HTTP/1.1" 200 6 "http://localhost:3000/wallet-settings" "Mozilla/5.0 (Windows NT 10.0; Win64; x64) AppleWebKit/537.36 (KHTML, like Gecko) Chrome/80.0.3987.149 Safari/537.36"
::1 - - [03/Apr/2020:21:38:23 +0000] "DELETE /remove-category HTTP/1.1" 201 43 "http://localhost:3000/wallet-settings" "Mozilla/5.0 (Windows NT 10.0; Win64; x64) AppleWebKit/537.36 (KHTML, like Gecko) Chrome/80.0.3987.149 Safari/537.36"
::1 - - [03/Apr/2020:21:38:27 +0000] "OPTIONS /add-category HTTP/1.1" 200 3 "http://localhost:3000/wallet-settings" "Mozilla/5.0 (Windows NT 10.0; Win64; x64) AppleWebKit/537.36 (KHTML, like Gecko) Chrome/80.0.3987.149 Safari/537.36"
::1 - - [03/Apr/2020:21:38:28 +0000] "PUT /add-category HTTP/1.1" 201 43 "http://localhost:3000/wallet-settings" "Mozilla/5.0 (Windows NT 10.0; Win64; x64) AppleWebKit/537.36 (KHTML, like Gecko) Chrome/80.0.3987.149 Safari/537.36"
::1 - - [03/Apr/2020:21:38:33 +0000] "OPTIONS /remove-category HTTP/1.1" 200 6 "http://localhost:3000/wallet-settings" "Mozilla/5.0 (Windows NT 10.0; Win64; x64) AppleWebKit/537.36 (KHTML, like Gecko) Chrome/80.0.3987.149 Safari/537.36"
::1 - - [03/Apr/2020:21:38:33 +0000] "DELETE /remove-category HTTP/1.1" 201 43 "http://localhost:3000/wallet-settings" "Mozilla/5.0 (Windows NT 10.0; Win64; x64) AppleWebKit/537.36 (KHTML, like Gecko) Chrome/80.0.3987.149 Safari/537.36"
::1 - - [03/Apr/2020:21:38:44 +0000] "OPTIONS /new-wallet HTTP/1.1" 200 3 "http://localhost:3000/new-wallet" "Mozilla/5.0 (Windows NT 10.0; Win64; x64) AppleWebKit/537.36 (KHTML, like Gecko) Chrome/80.0.3987.149 Safari/537.36"
::1 - - [03/Apr/2020:21:38:45 +0000] "PUT /new-wallet HTTP/1.1" 201 42 "http://localhost:3000/new-wallet" "Mozilla/5.0 (Windows NT 10.0; Win64; x64) AppleWebKit/537.36 (KHTML, like Gecko) Chrome/80.0.3987.149 Safari/537.36"
::1 - - [03/Apr/2020:21:38:47 +0000] "OPTIONS /wallets HTTP/1.1" 200 8 "http://localhost:3000/my-wallets" "Mozilla/5.0 (Windows NT 10.0; Win64; x64) AppleWebKit/537.36 (KHTML, like Gecko) Chrome/80.0.3987.149 Safari/537.36"
::1 - - [03/Apr/2020:21:38:47 +0000] "GET /wallets HTTP/1.1" 201 396 "http://localhost:3000/my-wallets" "Mozilla/5.0 (Windows NT 10.0; Win64; x64) AppleWebKit/537.36 (KHTML, like Gecko) Chrome/80.0.3987.149 Safari/537.36"
